{"selenium": true, "groups_file": true, "session_file": true, "chrome": true, "groups_count": 1, "ready": true}

🚀 Facebook Group Auto Poster — Script 2 (Signal-Driven)
=======================================================
[✓] Signal loaded: EURUSD SELL @ 1.14225

📊 Signal: EURUSD SELL | Entry: 1.14225 | SL: 1.14282
   TP1: 1.14168 | TP2: 1.14110 | TP3: -- | RR: 1:2

[i] Total groups  : 1
[i] Already posted: 0
[i] Remaining     : 1
[i] This batch    : 1

[1/1] ForexTradeChi
         Language: English | Template: #1
         ✅ Success

=======================================================
✅ Done: 1 posted, 0 failed
🎉 All groups posted!
{"selenium": true, "groups_file": true, "session_file": true, "chrome": true, "groups_count": 1, "ready": true}

🚀 Facebook Group Auto Poster — Script 2 (Signal-Driven)
=======================================================
[✓] Signal loaded: EURUSD SELL @ 1.14240

📊 Signal: EURUSD SELL | Entry: 1.14240 | SL: 1.14297
   TP1: 1.14183 | TP2: 1.14125 | TP3: -- | RR: 1:2

[i] Total groups  : 1
[i] Already posted: 0
[i] Remaining     : 1
[i] This batch    : 1

[1/1] ForexTradeChi
         Language: English | Template: #1
         ❌ Failed: Message: invalid session id: session deleted as the browser has closed the connection
from disconnected: Unable to recei

=======================================================
✅ Done: 0 posted, 1 failed
🎉 All groups posted!
{"selenium": true, "groups_file": true, "session_file": true, "chrome": true, "groups_count": 1, "ready": true}

🚀 Facebook Group Auto Poster — Script 2 (Signal-Driven)
=======================================================
[✓] Signal loaded: EURUSD SELL @ 1.14255

📊 Signal: EURUSD SELL | Entry: 1.14255 | SL: 1.14312
   TP1: 1.14198 | TP2: 1.14140 | TP3: -- | RR: 1:2

[i] Total groups  : 1
[i] Already posted: 0
[i] Remaining     : 1
[i] This batch    : 1

[1/1] ForexTradeChi
         Language: English | Template: #1
         ✅ Success

=======================================================
✅ Done: 1 posted, 0 failed
🎉 All groups posted!
{"selenium": true, "groups_file": true, "session_file": true, "chrome": true, "groups_count": 1, "ready": true}

🚀 Facebook Group Auto Poster — Script 2 (Signal-Driven)
=======================================================
[✓] Signal loaded: USDJPY BUY @ 162.49733

📊 Signal: USDJPY BUY | Entry: 162.49733 | SL: 162.44326
   TP1: 162.55140 | TP2: 162.60547 | TP3: -- | RR: 1:2

[i] Total groups  : 1
[i] Already posted: 0
[i] Remaining     : 1
[i] This batch    : 1

[1/1] ForexTradeChi
         Language: English | Template: #1
         ✅ Success

=======================================================
✅ Done: 1 posted, 0 failed
🎉 All groups posted!
{"selenium": true, "groups_file": true, "session_file": true, "chrome": true, "groups_count": 1, "ready": true}

🚀 Facebook Group Auto Poster — Script 2 (Signal-Driven)
=======================================================
[✓] Signal loaded: USDJPY BUY @ 162.47227

📊 Signal: USDJPY BUY | Entry: 162.47227 | SL: 162.41820
   TP1: 162.52634 | TP2: 162.58041 | TP3: -- | RR: 1:2

[i] Total groups  : 1
[i] Already posted: 0
[i] Remaining     : 1
[i] This batch    : 1

[1/1] ForexTradeChi
         Language: English | Template: #1
         ✅ Success

=======================================================
✅ Done: 1 posted, 0 failed
🎉 All groups posted!
{"selenium": true, "groups_file": true, "session_file": true, "chrome": true, "groups_count": 1, "ready": true}

🚀 Facebook Group Auto Poster — Script 2 (Signal-Driven)
=======================================================
[✓] Signal loaded: USDJPY BUY @ 162.49364

📊 Signal: USDJPY BUY | Entry: 162.49364 | SL: 162.43957
   TP1: 162.54771 | TP2: 162.60178 | TP3: -- | RR: 1:2

[i] Total groups  : 1
[i] Already posted: 0
[i] Remaining     : 1
[i] This batch    : 1

[1/1] ForexTradeChi
         Language: English | Template: #1
         ✅ Success

=======================================================
✅ Done: 1 posted, 0 failed
🎉 All groups posted!
