[2026-07-08 11:39:00] Signal saved → {'symbol': 'EURUSD', 'direction': 'SELL', 'entry': '1.14004', 'sl': '1.14109', 'tp1': '1.13899', 'tp2': '1.13794', 'tp3': '--', 'rr': '1:2', 'basis': 'SMC Structure + Liquidity Grab + Daily Bias'}
[2026-07-08 11:39:00] Launching script2_post_to_groups.py ...
[2026-07-08 11:39:53] Signal saved → {'symbol': 'GBPUSD', 'direction': 'SELL', 'entry': '1.33335', 'sl': '1.33469', 'tp1': '1.33201', 'tp2': '1.33067', 'tp3': '--', 'rr': '1:2', 'basis': 'SMC Structure + Liquidity Grab + Daily Bias'}
[2026-07-08 11:39:53] Launching script2_post_to_groups.py ...
[2026-07-08 11:40:45] Signal saved → {'symbol': 'XAUUSD', 'direction': 'SELL', 'entry': '4042.68371', 'sl': '4058.51005', 'tp1': '4026.85737', 'tp2': '4011.03104', 'tp3': '--', 'rr': '1:2', 'basis': 'SMC Structure + Liquidity Grab + Daily Bias'}
[2026-07-08 11:40:45] Launching script2_post_to_groups.py ...
[2026-07-08 11:51:19] Signal saved → {'symbol': 'EURUSD', 'direction': 'SELL', 'entry': '1.14001', 'sl': '1.14106', 'tp1': '1.13896', 'tp2': '1.13791', 'tp3': '--', 'rr': '1:2', 'basis': 'SMC Structure + Liquidity Grab + Daily Bias'}
[2026-07-08 11:51:19] Launching script2_post_to_groups.py ...
[2026-07-08 11:51:20] Signal saved → {'symbol': 'GBPUSD', 'direction': 'SELL', 'entry': '1.33406', 'sl': '1.33540', 'tp1': '1.33272', 'tp2': '1.33138', 'tp3': '--', 'rr': '1:2', 'basis': 'SMC Structure + Liquidity Grab + Daily Bias'}
[2026-07-08 11:51:20] Launching script2_post_to_groups.py ...
[2026-07-08 11:51:28] Signal saved → {'symbol': 'XAUUSD', 'direction': 'SELL', 'entry': '4062.16837', 'sl': '4077.99471', 'tp1': '4046.34203', 'tp2': '4030.51570', 'tp3': '--', 'rr': '1:2', 'basis': 'SMC Structure + Liquidity Grab + Daily Bias'}
[2026-07-08 11:51:28] Launching script2_post_to_groups.py ...
[2026-07-08 12:04:12] Signal saved → {'symbol': 'EURUSD', 'direction': 'SELL', 'entry': '1.14004', 'sl': '1.14119', 'tp1': '1.13889', 'tp2': '1.13774', 'tp3': '--', 'rr': '1:2', 'basis': 'SMC Structure + Liquidity Grab + Daily Bias'}
[2026-07-08 12:04:12] Launching script2_post_to_groups.py ...
[2026-07-08 12:04:22] Signal saved → {'symbol': 'GBPUSD', 'direction': 'SELL', 'entry': '1.33409', 'sl': '1.33551', 'tp1': '1.33267', 'tp2': '1.33126', 'tp3': '--', 'rr': '1:2', 'basis': 'SMC Structure + Liquidity Grab + Daily Bias'}
[2026-07-08 12:04:22] Launching script2_post_to_groups.py ...
[2026-07-08 12:04:29] Signal saved → {'symbol': 'XAUUSD', 'direction': 'SELL', 'entry': '4063.33059', 'sl': '4080.36002', 'tp1': '4046.30116', 'tp2': '4029.27174', 'tp3': '--', 'rr': '1:2', 'basis': 'SMC Structure + Liquidity Grab + Daily Bias'}
[2026-07-08 12:04:29] Launching script2_post_to_groups.py ...
[2026-07-08 12:16:56] Signal saved → {'symbol': 'EURUSD', 'direction': 'SELL', 'entry': '1.14033', 'sl': '1.14133', 'tp1': '1.13933', 'tp2': '1.13832', 'tp3': '--', 'rr': '1:2', 'basis': 'SMC Structure + Liquidity Grab + Daily Bias'}
[2026-07-08 12:16:56] Launching script2_post_to_groups.py ...
[2026-07-08 12:17:14] Signal saved → {'symbol': 'GBPUSD', 'direction': 'SELL', 'entry': '1.33498', 'sl': '1.33627', 'tp1': '1.33369', 'tp2': '1.33241', 'tp3': '--', 'rr': '1:2', 'basis': 'SMC Structure + Liquidity Grab + Daily Bias'}
[2026-07-08 12:17:14] Launching script2_post_to_groups.py ...
[2026-07-08 12:17:30] Signal saved → {'symbol': 'XAUUSD', 'direction': 'SELL', 'entry': '4071.01831', 'sl': '4085.07431', 'tp1': '4056.96231', 'tp2': '4042.90632', 'tp3': '--', 'rr': '1:2', 'basis': 'SMC Structure + Liquidity Grab + Daily Bias'}
[2026-07-08 12:17:30] Launching script2_post_to_groups.py ...
[2026-07-08 12:30:05] Signal saved → {'symbol': 'EURUSD', 'direction': 'SELL', 'entry': '1.14033', 'sl': '1.14133', 'tp1': '1.13933', 'tp2': '1.13832', 'tp3': '--', 'rr': '1:2', 'basis': 'SMC Structure + Liquidity Grab + Daily Bias'}
[2026-07-08 12:30:05] Launching script2_post_to_groups.py ...
[2026-07-08 12:30:06] Signal saved → {'symbol': 'GBPUSD', 'direction': 'SELL', 'entry': '1.33518', 'sl': '1.33647', 'tp1': '1.33389', 'tp2': '1.33261', 'tp3': '--', 'rr': '1:2', 'basis': 'SMC Structure + Liquidity Grab + Daily Bias'}
[2026-07-08 12:30:06] Launching script2_post_to_groups.py ...
[2026-07-08 12:30:15] Signal saved → {'symbol': 'XAUUSD', 'direction': 'SELL', 'entry': '4071.68980', 'sl': '4085.74580', 'tp1': '4057.63380', 'tp2': '4043.57781', 'tp3': '--', 'rr': '1:2', 'basis': 'SMC Structure + Liquidity Grab + Daily Bias'}
[2026-07-08 12:30:15] Launching script2_post_to_groups.py ...
[2026-07-08 12:43:07] Signal saved → {'symbol': 'EURUSD', 'direction': 'SELL', 'entry': '1.14044', 'sl': '1.14140', 'tp1': '1.13948', 'tp2': '1.13853', 'tp3': '--', 'rr': '1:2', 'basis': 'SMC Structure + Liquidity Grab + Daily Bias'}
[2026-07-08 12:43:07] Launching script2_post_to_groups.py ...
[2026-07-08 12:43:24] Signal saved → {'symbol': 'GBPUSD', 'direction': 'SELL', 'entry': '1.33518', 'sl': '1.33640', 'tp1': '1.33396', 'tp2': '1.33274', 'tp3': '--', 'rr': '1:2', 'basis': 'SMC Structure + Liquidity Grab + Daily Bias'}
[2026-07-08 12:43:24] Launching script2_post_to_groups.py ...
[2026-07-08 12:43:41] Signal saved → {'symbol': 'XAUUSD', 'direction': 'SELL', 'entry': '4073.24715', 'sl': '4086.08817', 'tp1': '4060.40613', 'tp2': '4047.56512', 'tp3': '--', 'rr': '1:2', 'basis': 'SMC Structure + Liquidity Grab + Daily Bias'}
[2026-07-08 12:43:41] Launching script2_post_to_groups.py ...
[2026-07-08 12:56:08] Signal saved → {'symbol': 'EURUSD', 'direction': 'SELL', 'entry': '1.14044', 'sl': '1.14129', 'tp1': '1.13959', 'tp2': '1.13873', 'tp3': '--', 'rr': '1:2', 'basis': 'SMC Structure + Liquidity Grab + Daily Bias'}
[2026-07-08 12:56:08] Launching script2_post_to_groups.py ...
[2026-07-08 12:56:25] Signal saved → {'symbol': 'GBPUSD', 'direction': 'SELL', 'entry': '1.33557', 'sl': '1.33670', 'tp1': '1.33444', 'tp2': '1.33332', 'tp3': '--', 'rr': '1:2', 'basis': 'SMC Structure + Liquidity Grab + Daily Bias'}
[2026-07-08 12:56:25] Launching script2_post_to_groups.py ...
[2026-07-08 12:56:57] Signal saved → {'symbol': 'XAUUSD', 'direction': 'SELL', 'entry': '4083.52458', 'sl': '4096.80719', 'tp1': '4070.24197', 'tp2': '4056.95937', 'tp3': '--', 'rr': '1:2', 'basis': 'SMC Structure + Liquidity Grab + Daily Bias'}
[2026-07-08 12:56:57] Launching script2_post_to_groups.py ...
[2026-07-08 13:09:15] Signal saved → {'symbol': 'EURUSD', 'direction': 'SELL', 'entry': '1.13990', 'sl': '1.14075', 'tp1': '1.13905', 'tp2': '1.13819', 'tp3': '--', 'rr': '1:2', 'basis': 'SMC Structure + Liquidity Grab + Daily Bias'}
[2026-07-08 13:09:15] Launching script2_post_to_groups.py ...
[2026-07-08 13:09:24] Signal saved → {'symbol': 'GBPUSD', 'direction': 'SELL', 'entry': '1.33453', 'sl': '1.33566', 'tp1': '1.33340', 'tp2': '1.33228', 'tp3': '--', 'rr': '1:2', 'basis': 'SMC Structure + Liquidity Grab + Daily Bias'}
[2026-07-08 13:09:24] Launching script2_post_to_groups.py ...
[2026-07-08 13:09:32] Signal saved → {'symbol': 'XAUUSD', 'direction': 'SELL', 'entry': '4075.55454', 'sl': '4088.83715', 'tp1': '4062.27193', 'tp2': '4048.98933', 'tp3': '--', 'rr': '1:2', 'basis': 'SMC Structure + Liquidity Grab + Daily Bias'}
[2026-07-08 13:09:32] Launching script2_post_to_groups.py ...
[2026-07-08 13:19:30] Signal saved → {'symbol': 'EURUSD', 'direction': 'SELL', 'entry': '1.14014', 'sl': '1.14098', 'tp1': '1.13930', 'tp2': '1.13846', 'tp3': '--', 'rr': '1:2', 'basis': 'SMC Structure + Liquidity Grab + Daily Bias'}
[2026-07-08 13:19:30] Launching script2_post_to_groups.py ...
[2026-07-08 13:24:37] Signal saved → {'symbol': 'EURUSD', 'direction': 'SELL', 'entry': '1.14003', 'sl': '1.14087', 'tp1': '1.13919', 'tp2': '1.13835', 'tp3': '--', 'rr': '1:2', 'basis': 'SMC Structure + Liquidity Grab + Daily Bias'}
[2026-07-08 13:24:37] Launching script2_post_to_groups.py ...
[2026-07-08 13:26:22] Signal saved → {'symbol': 'XAUUSD', 'direction': 'SELL', 'entry': '4070.88578', 'sl': '4084.22154', 'tp1': '4057.55002', 'tp2': '4044.21427', 'tp3': '--', 'rr': '1:2', 'basis': 'SMC Structure + Liquidity Grab + Daily Bias'}
[2026-07-08 13:26:22] Launching script2_post_to_groups.py ...
[2026-07-08 13:33:19] Signal saved → {'symbol': 'GBPUSD', 'direction': 'SELL', 'entry': '1.33661', 'sl': '1.33774', 'tp1': '1.33548', 'tp2': '1.33435', 'tp3': '--', 'rr': '1:2', 'basis': 'SMC Structure + Liquidity Grab + Daily Bias'}
[2026-07-08 13:33:19] Launching script2_post_to_groups.py ...
[2026-07-08 18:35:12] ====================================================
[2026-07-08 18:35:12] Signal Server started → https://agennews.store
[2026-07-08 18:35:12] MT5 whitelist URL   → https://agennews.store
[2026-07-08 18:35:12] EA InpFacebookURL   → https://agennews.store/signal
[2026-07-08 18:35:12] Waiting for signals from MT4/MT5 EA...
[2026-07-08 18:35:12] ====================================================
[2026-07-08 18:35:12] Running behind nginx → HTTP on 127.0.0.1:5005
 * Serving Flask app 'signal_server'
 * Debug mode: off
[2026-07-08 18:35:39] ====================================================
[2026-07-08 18:35:39] Signal Server started → https://agennews.store
[2026-07-08 18:35:39] MT5 whitelist URL   → https://agennews.store
[2026-07-08 18:35:39] EA InpFacebookURL   → https://agennews.store/signal
[2026-07-08 18:35:39] Waiting for signals from MT4/MT5 EA...
[2026-07-08 18:35:39] ====================================================
[2026-07-08 18:35:39] Running behind nginx → HTTP on 127.0.0.1:5005
 * Serving Flask app 'signal_server'
 * Debug mode: off
[2026-07-08 18:36:48] Signal saved → {'symbol': 'EURUSD', 'direction': 'SELL', 'entry': '1.14254', 'sl': '1.14337', 'tp1': '1.14171', 'tp2': '1.14088', 'tp3': '--', 'rr': '1:2', 'basis': 'SMC Structure + Liquidity Grab + Daily Bias'}
[2026-07-08 18:36:48] Launching script2_post_to_groups.py ...
[2026-07-08 18:37:41] Signal saved → {'symbol': 'GBPUSD', 'direction': 'SELL', 'entry': '1.34003', 'sl': '1.34128', 'tp1': '1.33878', 'tp2': '1.33754', 'tp3': '--', 'rr': '1:2', 'basis': 'SMC Structure + Liquidity Grab + Daily Bias'}
[2026-07-08 18:37:41] Launching script2_post_to_groups.py ...
[2026-07-08 18:38:33] Signal saved → {'symbol': 'XAUUSD', 'direction': 'SELL', 'entry': '4071.27847', 'sl': '4082.57097', 'tp1': '4059.98597', 'tp2': '4048.69347', 'tp3': '--', 'rr': '1:2', 'basis': 'SMC Structure + Liquidity Grab + Daily Bias'}
[2026-07-08 18:38:33] Launching script2_post_to_groups.py ...
[2026-07-08 18:48:52] Signal saved → {'symbol': 'EURUSD', 'direction': 'SELL', 'entry': '1.14293', 'sl': '1.14376', 'tp1': '1.14210', 'tp2': '1.14127', 'tp3': '--', 'rr': '1:2', 'basis': 'SMC Structure + Liquidity Grab + Daily Bias'}
[2026-07-08 18:48:52] Launching script2_post_to_groups.py ...
[2026-07-08 18:49:00] Signal saved → {'symbol': 'GBPUSD', 'direction': 'SELL', 'entry': '1.34057', 'sl': '1.34128', 'tp1': '1.33986', 'tp2': '1.33916', 'tp3': '--', 'rr': '1:2', 'basis': 'SMC Structure + Liquidity Grab + Daily Bias'}
[2026-07-08 18:49:00] Launching script2_post_to_groups.py ...
[2026-07-08 18:49:24] Signal saved → {'symbol': 'XAUUSD', 'direction': 'SELL', 'entry': '4086.75424', 'sl': '4098.04674', 'tp1': '4075.46174', 'tp2': '4064.16924', 'tp3': '--', 'rr': '1:2', 'basis': 'SMC Structure + Liquidity Grab + Daily Bias'}
[2026-07-08 18:49:24] Launching script2_post_to_groups.py ...
[2026-07-08 18:49:59] ====================================================
[2026-07-08 18:49:59] Signal Server started → https://agennews.store
[2026-07-08 18:49:59] MT5 whitelist URL   → https://agennews.store
[2026-07-08 18:49:59] EA InpFacebookURL   → https://agennews.store/signal
[2026-07-08 18:49:59] Waiting for signals from MT4/MT5 EA...
[2026-07-08 18:49:59] ====================================================
[2026-07-08 18:49:59] Running behind nginx → HTTP on 127.0.0.1:5005
 * Serving Flask app 'signal_server'
 * Debug mode: off
[2026-07-09 08:48:55] Generating self-signed SSL certificate...
[2026-07-09 08:48:55] pyopenssl not installed. Run: pip install pyopenssl
[2026-07-09 08:49:00] Generating self-signed SSL certificate...
[2026-07-09 08:49:00] pyopenssl not installed. Run: pip install pyopenssl
[2026-07-09 08:49:06] Generating self-signed SSL certificate...
[2026-07-09 08:49:06] pyopenssl not installed. Run: pip install pyopenssl
[2026-07-09 08:49:11] Generating self-signed SSL certificate...
[2026-07-09 08:49:11] pyopenssl not installed. Run: pip install pyopenssl
[2026-07-09 08:49:16] Generating self-signed SSL certificate...
[2026-07-09 08:49:16] pyopenssl not installed. Run: pip install pyopenssl
[2026-07-09 08:49:22] Generating self-signed SSL certificate...
[2026-07-09 08:49:22] pyopenssl not installed. Run: pip install pyopenssl
[2026-07-09 08:49:27] Generating self-signed SSL certificate...
[2026-07-09 08:49:27] pyopenssl not installed. Run: pip install pyopenssl
[2026-07-09 08:49:32] Generating self-signed SSL certificate...
[2026-07-09 08:49:32] pyopenssl not installed. Run: pip install pyopenssl
[2026-07-09 08:49:38] Generating self-signed SSL certificate...
[2026-07-09 08:49:38] pyopenssl not installed. Run: pip install pyopenssl
[2026-07-09 08:49:43] Generating self-signed SSL certificate...
[2026-07-09 08:49:43] pyopenssl not installed. Run: pip install pyopenssl
[2026-07-09 08:49:48] Generating self-signed SSL certificate...
[2026-07-09 08:49:48] pyopenssl not installed. Run: pip install pyopenssl
[2026-07-09 08:49:54] Generating self-signed SSL certificate...
[2026-07-09 08:49:54] pyopenssl not installed. Run: pip install pyopenssl
[2026-07-09 08:49:59] Generating self-signed SSL certificate...
[2026-07-09 08:49:59] pyopenssl not installed. Run: pip install pyopenssl
[2026-07-09 08:50:04] Generating self-signed SSL certificate...
[2026-07-09 08:50:04] pyopenssl not installed. Run: pip install pyopenssl
[2026-07-09 08:50:10] Generating self-signed SSL certificate...
[2026-07-09 08:50:10] pyopenssl not installed. Run: pip install pyopenssl
[2026-07-09 08:50:15] Generating self-signed SSL certificate...
[2026-07-09 08:50:15] pyopenssl not installed. Run: pip install pyopenssl
[2026-07-09 08:50:20] Generating self-signed SSL certificate...
[2026-07-09 08:50:20] pyopenssl not installed. Run: pip install pyopenssl
[2026-07-09 08:50:25] Generating self-signed SSL certificate...
[2026-07-09 08:50:25] pyopenssl not installed. Run: pip install pyopenssl
[2026-07-09 08:50:31] Generating self-signed SSL certificate...
[2026-07-09 08:50:31] pyopenssl not installed. Run: pip install pyopenssl
[2026-07-09 08:50:36] Generating self-signed SSL certificate...
[2026-07-09 08:50:36] pyopenssl not installed. Run: pip install pyopenssl
[2026-07-09 08:50:41] Generating self-signed SSL certificate...
[2026-07-09 08:50:41] pyopenssl not installed. Run: pip install pyopenssl
[2026-07-09 08:50:47] Generating self-signed SSL certificate...
[2026-07-09 08:50:47] pyopenssl not installed. Run: pip install pyopenssl
[2026-07-09 08:50:52] Generating self-signed SSL certificate...
[2026-07-09 08:50:52] pyopenssl not installed. Run: pip install pyopenssl
[2026-07-09 08:50:57] Generating self-signed SSL certificate...
[2026-07-09 08:50:57] pyopenssl not installed. Run: pip install pyopenssl
[2026-07-09 08:51:03] Generating self-signed SSL certificate...
[2026-07-09 08:51:03] pyopenssl not installed. Run: pip install pyopenssl
[2026-07-09 08:51:09] Running behind nginx -> skipping local certificate generation
[2026-07-09 08:51:09] ====================================================
[2026-07-09 08:51:09] Signal Server started → https://agennews.store
[2026-07-09 08:51:09] MT5 whitelist URL   → https://agennews.store
[2026-07-09 08:51:09] EA InpFacebookURL   → https://agennews.store/signal
[2026-07-09 08:51:09] Waiting for signals from MT4/MT5 EA...
[2026-07-09 08:51:09] ====================================================
[2026-07-09 08:51:09] Running behind nginx → HTTP on 127.0.0.1:5005
 * Serving Flask app 'signal_server'
 * Debug mode: off
[2026-07-09 08:53:06] Signal saved → {'symbol': 'EURUSD', 'direction': 'SELL', 'entry': '1.14291', 'sl': '1.14358', 'tp1': '1.14224', 'tp2': '1.14157', 'tp3': '--', 'rr': '1:2', 'basis': 'SMC Structure + Liquidity Grab + Daily Bias'}
[2026-07-09 08:53:06] Launching script2_post_to_groups.py ...
[2026-07-09 08:53:58] Signal saved → {'symbol': 'GBPUSD', 'direction': 'SELL', 'entry': '1.34134', 'sl': '1.34323', 'tp1': '1.33945', 'tp2': '1.33755', 'tp3': '--', 'rr': '1:2', 'basis': 'SMC Structure + Liquidity Grab + Daily Bias'}
[2026-07-09 08:53:58] Launching script2_post_to_groups.py ...
[2026-07-09 08:54:51] Signal saved → {'symbol': 'XAUUSD', 'direction': 'SELL', 'entry': '4110.00138', 'sl': '4121.27103', 'tp1': '4098.73173', 'tp2': '4087.46208', 'tp3': '--', 'rr': '1:2', 'basis': 'SMC Structure + Liquidity Grab + Daily Bias'}
[2026-07-09 08:54:51] Launching script2_post_to_groups.py ...
[2026-07-09 09:01:36] Running behind nginx -> skipping local certificate generation
[2026-07-09 09:01:36] ====================================================
[2026-07-09 09:01:36] Signal Server started → https://agennews.store
[2026-07-09 09:01:36] MT5 whitelist URL   → https://agennews.store
[2026-07-09 09:01:36] EA InpFacebookURL   → https://agennews.store/signal
[2026-07-09 09:01:36] Waiting for signals from MT4/MT5 EA...
[2026-07-09 09:01:36] ====================================================
[2026-07-09 09:01:36] Running behind nginx → HTTP on 127.0.0.1:5005
 * Serving Flask app 'signal_server'
 * Debug mode: off
[2026-07-09 09:02:26] Running behind nginx -> skipping local certificate generation
[2026-07-09 09:02:26] ====================================================
[2026-07-09 09:02:26] Signal Server started → https://agennews.store
[2026-07-09 09:02:26] MT5 whitelist URL   → https://agennews.store
[2026-07-09 09:02:26] EA InpFacebookURL   → https://agennews.store/signal
[2026-07-09 09:02:26] Waiting for signals from MT4/MT5 EA...
[2026-07-09 09:02:26] ====================================================
[2026-07-09 09:02:26] Running behind nginx → HTTP on 127.0.0.1:5005
 * Serving Flask app 'signal_server'
 * Debug mode: off
[2026-07-09 09:05:04] Running behind nginx -> skipping local certificate generation
[2026-07-09 09:05:04] ====================================================
[2026-07-09 09:05:04] Signal Server started → https://agennews.store
[2026-07-09 09:05:04] MT5 whitelist URL   → https://agennews.store
[2026-07-09 09:05:04] EA InpFacebookURL   → https://agennews.store/signal
[2026-07-09 09:05:04] Waiting for signals from MT4/MT5 EA...
[2026-07-09 09:05:04] ====================================================
[2026-07-09 09:05:04] Running behind nginx → HTTP on 127.0.0.1:5005
 * Serving Flask app 'signal_server'
 * Debug mode: off
